<?xml version="1.0" encoding="UTF-8"?>
<testng-results ignored="0" total="1" passed="1" failed="0" skipped="0">
  <reporter-output>
  </reporter-output>
  <suite started-at="2024-07-10T13:00:56 IST" name="Default suite" finished-at="2024-07-10T13:01:30 IST" duration-ms="34024">
    <groups>
    </groups>
    <test started-at="2024-07-10T13:00:56 IST" name="Default test" finished-at="2024-07-10T13:01:30 IST" duration-ms="34024">
      <class name="com.TestApp.TestRegisterationPage">
        <test-method signature="testRegisterationPage()[pri:0, instance:com.TestApp.TestRegisterationPage@7b2bbc3]" started-at="2024-07-10T13:00:56 IST" name="testRegisterationPage" finished-at="2024-07-10T13:01:30 IST" duration-ms="33919" status="PASS">
          <reporter-output>
          </reporter-output>
        </test-method> <!-- testRegisterationPage -->
      </class> <!-- com.TestApp.TestRegisterationPage -->
    </test> <!-- Default test -->
  </suite> <!-- Default suite -->
</testng-results>
